#
# There is insufficient memory for the Java Runtime Environment to continue.
# Native memory allocation (malloc) failed to allocate 988656 bytes for Chunk::new
# Possible reasons:
#   The system is out of physical RAM or swap space
#   The process is running with CompressedOops enabled, and the Java Heap may be blocking the growth of the native heap
# Possible solutions:
#   Reduce memory load on the system
#   Increase physical memory or swap space
#   Check if swap backing store is full
#   Decrease Java heap size (-Xmx/-Xms)
#   Decrease number of Java threads
#   Decrease Java thread stack sizes (-Xss)
#   Set larger code cache with -XX:ReservedCodeCacheSize=
#   JVM is running with Unscaled Compressed Oops mode in which the Java heap is
#     placed in the first 4GB address space. The Java Heap base address is the
#     maximum limit for the native heap growth. Please use -XX:HeapBaseMinAddress
#     to set the Java Heap base and to place the Java Heap above 4GB virtual address.
# This output file may be truncated or incomplete.
#
#  Out of Memory Error (allocation.cpp:389), pid=976, tid=0x00000000000005e8
#
# JRE version: Java(TM) SE Runtime Environment (8.0_202-b08) (build 1.8.0_202-b08)
# Java VM: Java HotSpot(TM) 64-Bit Server VM (25.202-b08 mixed mode windows-amd64 compressed oops)
# Failed to write core dump. Minidumps are not enabled by default on client versions of Windows
#

---------------  T H R E A D  ---------------

Current thread (0x0000000014efc000):  JavaThread "C2 CompilerThread0" daemon [_thread_in_native, id=1512, stack(0x0000000016540000,0x0000000016640000)]

Stack: [0x0000000016540000,0x0000000016640000]
[error occurred during error reporting (printing stack bounds), id 0xc0000005]

Native frames: (J=compiled Java code, j=interpreted, Vv=VM code, C=native code)


Current CompileTask:
C2:   9166 3348       4       java.net.URLStreamHandler::parseURL (1193 bytes)


---------------  P R O C E S S  ---------------

Java Threads: ( => current thread )
  0x000000001825a000 JavaThread "HikariPool-1 connection adder" daemon [_thread_blocked, id=3708, stack(0x000000001c420000,0x000000001c520000)]
  0x0000000018259000 JavaThread "HikariPool-1 housekeeper" daemon [_thread_blocked, id=8272, stack(0x000000001c0f0000,0x000000001c1f0000)]
  0x0000000018257800 JavaThread "mysql-cj-abandoned-connection-cleanup" daemon [_thread_blocked, id=12712, stack(0x000000001aa60000,0x000000001ab60000)]
  0x00000000171d5000 JavaThread "ReaderThread" [_thread_in_native, id=4516, stack(0x0000000017740000,0x0000000017840000)]
  0x0000000016753800 JavaThread "Service Thread" daemon [_thread_blocked, id=12464, stack(0x0000000016c40000,0x0000000016d40000)]
  0x0000000016750800 JavaThread "C1 CompilerThread2" daemon [_thread_blocked, id=4144, stack(0x0000000016b40000,0x0000000016c40000)]
  0x0000000014f4a000 JavaThread "C2 CompilerThread1" daemon [_thread_blocked, id=9956, stack(0x0000000016640000,0x0000000016740000)]
=>0x0000000014efc000 JavaThread "C2 CompilerThread0" daemon [_thread_in_native, id=1512, stack(0x0000000016540000,0x0000000016640000)]
  0x0000000014efa800 JavaThread "Attach Listener" daemon [_thread_blocked, id=11028, stack(0x0000000016440000,0x0000000016540000)]
  0x0000000014ef9000 JavaThread "Signal Dispatcher" daemon [_thread_blocked, id=12332, stack(0x0000000016340000,0x0000000016440000)]
  0x00000000028ee000 JavaThread "Finalizer" daemon [_thread_blocked, id=10740, stack(0x0000000016140000,0x0000000016240000)]
  0x00000000028e5000 JavaThread "Reference Handler" daemon [_thread_blocked, id=6560, stack(0x0000000016040000,0x0000000016140000)]
  0x00000000027f4800 JavaThread "main" [_thread_blocked, id=4504, stack(0x00000000026f0000,0x00000000027f0000)]

Other Threads:
  0x0000000014eb8000 VMThread [stack: 0x0000000015f40000,0x0000000016040000] [id=12736]
  0x0000000016765000 WatcherThread [stack: 0x0000000016d40000,0x0000000016e40000] [id=1160]

VM state:at safepoint (normal execution)

VM Mutex/Monitor currently owned by a thread:  ([mutex/lock_event])
[0x00000000027f25d0] Threads_lock - owner thread: 0x0000000014eb8000
[0x00000000027f1d50] Heap_lock - owner thread: 0x00000000027f4800

heap address: 0x00000000c1600000, size: 1002 MB, Compressed Oops mode: 32-bit
Narrow klass base: 0x0000000000000000, Narrow klass shift: 3
Compressed class space size: 1073741824 Address: 0x0000000100000000

Heap:
 PSYoungGen      total 109568K, used 7144K [0x00000000eb200000, 0x00000000f3e00000, 0x0000000100000000)
  eden space 102400K, 0% used [0x00000000eb200000,0x00000000eb200000,0x00000000f1600000)
  from space 7168K, 99% used [0x00000000f3000000,0x00000000f36fa0f0,0x00000000f3700000)
  to   space 6144K, 0% used [0x00000000f3800000,0x00000000f3800000,0x00000000f3e00000)
 ParOldGen       total 35840K, used 15837K [0x00000000c1600000, 0x00000000c3900000, 0x00000000eb200000)
  object space 35840K, 44% used [0x00000000c1600000,0x00000000c2577440,0x00000000c3900000)
 Metaspace       used 33050K, capacity 35480K, committed 35496K, reserved 1079296K
  class space    used 4399K, capacity 4849K, committed 4864K, reserved 1048576K

Card table byte_map: [0x0000000011cb0000,0x0000000011eb0000] byte_map_base: 0x00000000116a5000

Marking Bits: (ParMarkBitMap*) 0x000000006a7d5ce0
 Begin Bits: [0x0000000012400000, 0x00000000133a8000)
 End Bits:   [0x00000000133a8000, 0x0000000014350000)

Polling page: 0x0000000002640000

CodeCache: size=245760Kb used=11716Kb max_used=11716Kb free=234043Kb
 bounds [0x00000000028f0000, 0x0000000003470000, 0x00000000118f0000]
 total_blobs=3785 nmethods=3325 adapters=372
 compilation: enabled

Compilation events (10 events):
Event: 8.866 Thread 0x0000000016750800 nmethod 3344 0x000000000344c390 code [0x000000000344c500, 0x000000000344c668]
Event: 8.866 Thread 0x0000000016750800 3345       3       sun.misc.ProxyGenerator$FieldInfo::write (50 bytes)
Event: 8.867 Thread 0x0000000016750800 nmethod 3345 0x00000000034548d0 code [0x0000000003454b60, 0x0000000003455cd8]
Event: 8.869 Thread 0x0000000016750800 3346       3       sun.misc.ProxyGenerator::computeUniqueCatchList (163 bytes)
Event: 8.872 Thread 0x0000000016750800 nmethod 3346 0x000000000345aad0 code [0x000000000345ae20, 0x000000000345cc28]
Event: 8.872 Thread 0x0000000016750800 3347       3       sun.reflect.annotation.AnnotationParser::contains (36 bytes)
Event: 8.872 Thread 0x0000000016750800 nmethod 3347 0x0000000003454410 code [0x0000000003454580, 0x00000000034547d0]
Event: 8.979 Thread 0x0000000014efc000 3348       4       java.net.URLStreamHandler::parseURL (1193 bytes)
Event: 9.108 Thread 0x0000000016750800 3349       3       java.util.Hashtable$Enumerator::<init> (51 bytes)
Event: 9.109 Thread 0x0000000016750800 nmethod 3349 0x0000000003453f50 code [0x00000000034540c0, 0x00000000034542f0]

GC Heap History (10 events):
Event: 3.036 GC heap after
Heap after GC invocations=6 (full 0):
 PSYoungGen      total 72192K, used 4445K [0x00000000eb200000, 0x00000000eff00000, 0x0000000100000000)
  eden space 65536K, 0% used [0x00000000eb200000,0x00000000eb200000,0x00000000ef200000)
  from space 6656K, 66% used [0x00000000ef880000,0x00000000efcd77f0,0x00000000eff00000)
  to   space 6656K, 0% used [0x00000000ef200000,0x00000000ef200000,0x00000000ef880000)
 ParOldGen       total 44032K, used 7758K [0x00000000c1600000, 0x00000000c4100000, 0x00000000eb200000)
  object space 44032K, 17% used [0x00000000c1600000,0x00000000c1d93900,0x00000000c4100000)
 Metaspace       used 18634K, capacity 20220K, committed 20352K, reserved 1067008K
  class space    used 2494K, capacity 2836K, committed 2944K, reserved 1048576K
}
Event: 3.497 GC heap before
{Heap before GC invocations=7 (full 0):
 PSYoungGen      total 72192K, used 42230K [0x00000000eb200000, 0x00000000eff00000, 0x0000000100000000)
  eden space 65536K, 57% used [0x00000000eb200000,0x00000000ed6e6220,0x00000000ef200000)
  from space 6656K, 66% used [0x00000000ef880000,0x00000000efcd77f0,0x00000000eff00000)
  to   space 6656K, 0% used [0x00000000ef200000,0x00000000ef200000,0x00000000ef880000)
 ParOldGen       total 44032K, used 7758K [0x00000000c1600000, 0x00000000c4100000, 0x00000000eb200000)
  object space 44032K, 17% used [0x00000000c1600000,0x00000000c1d93900,0x00000000c4100000)
 Metaspace       used 19645K, capacity 21266K, committed 21296K, reserved 1067008K
  class space    used 2613K, capacity 2941K, committed 2944K, reserved 1048576K
Event: 3.505 GC heap after
Heap after GC invocations=7 (full 0):
 PSYoungGen      total 72192K, used 4167K [0x00000000eb200000, 0x00000000f3e00000, 0x0000000100000000)
  eden space 65536K, 0% used [0x00000000eb200000,0x00000000eb200000,0x00000000ef200000)
  from space 6656K, 62% used [0x00000000ef200000,0x00000000ef611ce0,0x00000000ef880000)
  to   space 6144K, 0% used [0x00000000f3800000,0x00000000f3800000,0x00000000f3e00000)
 ParOldGen       total 44032K, used 9009K [0x00000000c1600000, 0x00000000c4100000, 0x00000000eb200000)
  object space 44032K, 20% used [0x00000000c1600000,0x00000000c1ecc440,0x00000000c4100000)
 Metaspace       used 19645K, capacity 21266K, committed 21296K, reserved 1067008K
  class space    used 2613K, capacity 2941K, committed 2944K, reserved 1048576K
}
Event: 3.505 GC heap before
{Heap before GC invocations=8 (full 1):
 PSYoungGen      total 72192K, used 4167K [0x00000000eb200000, 0x00000000f3e00000, 0x0000000100000000)
  eden space 65536K, 0% used [0x00000000eb200000,0x00000000eb200000,0x00000000ef200000)
  from space 6656K, 62% used [0x00000000ef200000,0x00000000ef611ce0,0x00000000ef880000)
  to   space 6144K, 0% used [0x00000000f3800000,0x00000000f3800000,0x00000000f3e00000)
 ParOldGen       total 44032K, used 9009K [0x00000000c1600000, 0x00000000c4100000, 0x00000000eb200000)
  object space 44032K, 20% used [0x00000000c1600000,0x00000000c1ecc440,0x00000000c4100000)
 Metaspace       used 19645K, capacity 21266K, committed 21296K, reserved 1067008K
  class space    used 2613K, capacity 2941K, committed 2944K, reserved 1048576K
Event: 3.551 GC heap after
Heap after GC invocations=8 (full 1):
 PSYoungGen      total 72192K, used 0K [0x00000000eb200000, 0x00000000f3e00000, 0x0000000100000000)
  eden space 65536K, 0% used [0x00000000eb200000,0x00000000eb200000,0x00000000ef200000)
  from space 6656K, 0% used [0x00000000ef200000,0x00000000ef200000,0x00000000ef880000)
  to   space 6144K, 0% used [0x00000000f3800000,0x00000000f3800000,0x00000000f3e00000)
 ParOldGen       total 35840K, used 9364K [0x00000000c1600000, 0x00000000c3900000, 0x00000000eb200000)
  object space 35840K, 26% used [0x00000000c1600000,0x00000000c1f25370,0x00000000c3900000)
 Metaspace       used 19645K, capacity 21266K, committed 21296K, reserved 1067008K
  class space    used 2613K, capacity 2941K, committed 2944K, reserved 1048576K
}
Event: 5.392 GC heap before
{Heap before GC invocations=9 (full 1):
 PSYoungGen      total 72192K, used 65536K [0x00000000eb200000, 0x00000000f3e00000, 0x0000000100000000)
  eden space 65536K, 100% used [0x00000000eb200000,0x00000000ef200000,0x00000000ef200000)
  from space 6656K, 0% used [0x00000000ef200000,0x00000000ef200000,0x00000000ef880000)
  to   space 6144K, 0% used [0x00000000f3800000,0x00000000f3800000,0x00000000f3e00000)
 ParOldGen       total 35840K, used 9364K [0x00000000c1600000, 0x00000000c3900000, 0x00000000eb200000)
  object space 35840K, 26% used [0x00000000c1600000,0x00000000c1f25370,0x00000000c3900000)
 Metaspace       used 24530K, capacity 26756K, committed 26880K, reserved 1073152K
  class space    used 3350K, capacity 3752K, committed 3840K, reserved 1048576K
Event: 5.404 GC heap after
Heap after GC invocations=9 (full 1):
 PSYoungGen      total 108544K, used 6120K [0x00000000eb200000, 0x00000000f3e00000, 0x0000000100000000)
  eden space 102400K, 0% used [0x00000000eb200000,0x00000000eb200000,0x00000000f1600000)
  from space 6144K, 99% used [0x00000000f3800000,0x00000000f3dfa240,0x00000000f3e00000)
  to   space 7168K, 0% used [0x00000000f3000000,0x00000000f3000000,0x00000000f3700000)
 ParOldGen       total 35840K, used 9947K [0x00000000c1600000, 0x00000000c3900000, 0x00000000eb200000)
  object space 35840K, 27% used [0x00000000c1600000,0x00000000c1fb6ee0,0x00000000c3900000)
 Metaspace       used 24530K, capacity 26756K, committed 26880K, reserved 1073152K
  class space    used 3350K, capacity 3752K, committed 3840K, reserved 1048576K
}
Event: 9.116 GC heap before
{Heap before GC invocations=10 (full 1):
 PSYoungGen      total 108544K, used 66482K [0x00000000eb200000, 0x00000000f3e00000, 0x0000000100000000)
  eden space 102400K, 58% used [0x00000000eb200000,0x00000000eecf29b0,0x00000000f1600000)
  from space 6144K, 99% used [0x00000000f3800000,0x00000000f3dfa240,0x00000000f3e00000)
  to   space 7168K, 0% used [0x00000000f3000000,0x00000000f3000000,0x00000000f3700000)
 ParOldGen       total 35840K, used 9947K [0x00000000c1600000, 0x00000000c3900000, 0x00000000eb200000)
  object space 35840K, 27% used [0x00000000c1600000,0x00000000c1fb6ee0,0x00000000c3900000)
 Metaspace       used 33050K, capacity 35480K, committed 35496K, reserved 1079296K
  class space    used 4399K, capacity 4849K, committed 4864K, reserved 1048576K
Event: 9.137 GC heap after
Heap after GC invocations=10 (full 1):
 PSYoungGen      total 109568K, used 7144K [0x00000000eb200000, 0x00000000f3e00000, 0x0000000100000000)
  eden space 102400K, 0% used [0x00000000eb200000,0x00000000eb200000,0x00000000f1600000)
  from space 7168K, 99% used [0x00000000f3000000,0x00000000f36fa0f0,0x00000000f3700000)
  to   space 6144K, 0% used [0x00000000f3800000,0x00000000f3800000,0x00000000f3e00000)
 ParOldGen       total 35840K, used 15837K [0x00000000c1600000, 0x00000000c3900000, 0x00000000eb200000)
  object space 35840K, 44% used [0x00000000c1600000,0x00000000c2577440,0x00000000c3900000)
 Metaspace       used 33050K, capacity 35480K, committed 35496K, reserved 1079296K
  class space    used 4399K, capacity 4849K, committed 4864K, reserved 1048576K
}
Event: 9.137 GC heap before
{Heap before GC invocations=11 (full 2):
 PSYoungGen      total 109568K, used 7144K [0x00000000eb200000, 0x00000000f3e00000, 0x0000000100000000)
  eden space 102400K, 0% used [0x00000000eb200000,0x00000000eb200000,0x00000000f1600000)
  from space 7168K, 99% used [0x00000000f3000000,0x00000000f36fa0f0,0x00000000f3700000)
  to   space 6144K, 0% used [0x00000000f3800000,0x00000000f3800000,0x00000000f3e00000)
 ParOldGen       total 35840K, used 15837K [0x00000000c1600000, 0x00000000c3900000, 0x00000000eb200000)
  object space 35840K, 44% used [0x00000000c1600000,0x00000000c2577440,0x00000000c3900000)
 Metaspace       used 33050K, capacity 35480K, committed 35496K, reserved 1079296K
  class space    used 4399K, capacity 4849K, committed 4864K, reserved 1048576K

Deoptimization events (10 events):
Event: 5.917 Thread 0x00000000027f4800 Uncommon trap: reason=unstable_if action=reinterpret pc=0x0000000003212e48 method=java.util.jar.JarFile.maybeInstantiateVerifier()V @ 75
Event: 6.021 Thread 0x00000000027f4800 Uncommon trap: reason=unstable_if action=reinterpret pc=0x0000000002ba713c method=java.lang.CharacterDataLatin1.isWhitespace(I)Z @ 14
Event: 6.072 Thread 0x00000000027f4800 Uncommon trap: reason=null_assert action=make_not_entrant pc=0x0000000002ef0078 method=java.util.jar.JarFile.maybeInstantiateVerifier()V @ 4
Event: 6.075 Thread 0x00000000027f4800 Uncommon trap: reason=null_assert action=make_not_entrant pc=0x00000000032039d8 method=java.security.CodeSource.getCertificates()[Ljava/security/cert/Certificate; @ 22
Event: 6.149 Thread 0x00000000027f4800 Uncommon trap: reason=unstable_if action=reinterpret pc=0x0000000002fb9800 method=java.util.LinkedHashMap.get(Ljava/lang/Object;)Ljava/lang/Object; @ 20
Event: 6.657 Thread 0x00000000027f4800 Uncommon trap: reason=predicate action=maybe_recompile pc=0x00000000032f0780 method=java.util.TreeMap.put(Ljava/lang/Object;Ljava/lang/Object;)Ljava/lang/Object; @ 132
Event: 7.232 Thread 0x00000000027f4800 Uncommon trap: reason=bimorphic action=maybe_recompile pc=0x000000000332d0b0 method=java.util.Hashtable.put(Ljava/lang/Object;Ljava/lang/Object;)Ljava/lang/Object; @ 18
Event: 7.980 Thread 0x00000000027f4800 Uncommon trap: reason=unstable_if action=reinterpret pc=0x000000000334c49c method=java.util.WeakHashMap.remove(Ljava/lang/Object;)Ljava/lang/Object; @ 94
Event: 7.997 Thread 0x000000001825a000 Uncommon trap: reason=predicate action=maybe_recompile pc=0x00000000029fe824 method=java.util.regex.Pattern$SliceI.match(Ljava/util/regex/Matcher;ILjava/lang/CharSequence;)Z @ 21
Event: 8.647 Thread 0x00000000027f4800 Uncommon trap: reason=unstable_if action=reinterpret pc=0x0000000003138dc8 method=java.lang.ClassLoader.getClassLoadingLock(Ljava/lang/String;)Ljava/lang/Object; @ 6

Classes redefined (0 events):
No events

Internal exceptions (10 events):
Event: 8.002 Thread 0x00000000027f4800 Exception <a 'java/lang/ClassNotFoundException': org/springframework/beans/factory/AwareCustomizer> (0x00000000ed22b9d8) thrown at [C:\re\workspace\8-2-build-windows-amd64-cygwin\jdk8u202\12323\hotspot\src\share\vm\classfile\systemDictionary.cpp, line 210
Event: 8.006 Thread 0x00000000027f4800 Exception <a 'java/lang/ClassNotFoundException': org/springframework/beans/factory/BeanFactoryAwareCustomizer> (0x00000000ed246238) thrown at [C:\re\workspace\8-2-build-windows-amd64-cygwin\jdk8u202\12323\hotspot\src\share\vm\classfile\systemDictionary.cp
Event: 8.009 Thread 0x00000000027f4800 Exception <a 'java/lang/ClassNotFoundException': org/springframework/beans/factory/AwareCustomizer> (0x00000000ed25f290) thrown at [C:\re\workspace\8-2-build-windows-amd64-cygwin\jdk8u202\12323\hotspot\src\share\vm\classfile\systemDictionary.cpp, line 210
Event: 8.013 Thread 0x00000000027f4800 Exception <a 'java/lang/ClassNotFoundException': org/springframework/beans/factory/BeanNameAwareCustomizer> (0x00000000ed278c08) thrown at [C:\re\workspace\8-2-build-windows-amd64-cygwin\jdk8u202\12323\hotspot\src\share\vm\classfile\systemDictionary.cpp, 
Event: 8.016 Thread 0x00000000027f4800 Exception <a 'java/lang/ClassNotFoundException': org/springframework/beans/factory/AwareCustomizer> (0x00000000ed291630) thrown at [C:\re\workspace\8-2-build-windows-amd64-cygwin\jdk8u202\12323\hotspot\src\share\vm\classfile\systemDictionary.cpp, line 210
Event: 8.018 Thread 0x00000000027f4800 Exception <a 'java/lang/ClassNotFoundException': org/springframework/beans/factory/InitializingBeanCustomizer> (0x00000000ed2abe90) thrown at [C:\re\workspace\8-2-build-windows-amd64-cygwin\jdk8u202\12323\hotspot\src\share\vm\classfile\systemDictionary.cp
Event: 8.020 Thread 0x00000000027f4800 Exception <a 'java/lang/ClassNotFoundException': org/springframework/beans/factory/DisposableBeanCustomizer> (0x00000000ed2c6208) thrown at [C:\re\workspace\8-2-build-windows-amd64-cygwin\jdk8u202\12323\hotspot\src\share\vm\classfile\systemDictionary.cpp,
Event: 8.021 Thread 0x00000000027f4800 Exception <a 'java/lang/ClassNotFoundException': org/springframework/orm/jpa/EntityManagerFactoryInfoCustomizer> (0x00000000ed2e1c60) thrown at [C:\re\workspace\8-2-build-windows-amd64-cygwin\jdk8u202\12323\hotspot\src\share\vm\classfile\systemDictionary.
Event: 8.025 Thread 0x00000000027f4800 Exception <a 'java/lang/ClassNotFoundException': org/springframework/dao/support/PersistenceExceptionTranslatorCustomizer> (0x00000000ed30d840) thrown at [C:\re\workspace\8-2-build-windows-amd64-cygwin\jdk8u202\12323\hotspot\src\share\vm\classfile\systemD
Event: 8.612 Thread 0x00000000027f4800 Exception <a 'java/lang/ClassNotFoundException': java/lang/Module> (0x00000000ee35cd80) thrown at [C:\re\workspace\8-2-build-windows-amd64-cygwin\jdk8u202\12323\hotspot\src\share\vm\classfile\systemDictionary.cpp, line 210]

Events (10 events):
Event: 9.114 loading class org/hibernate/jpa/boot/internal/EntityManagerFactoryBuilderImpl done
Event: 9.114 loading class org/hibernate/jpa/boot/internal/EntityManagerFactoryBuilderImpl
Event: 9.114 loading class org/hibernate/jpa/boot/internal/EntityManagerFactoryBuilderImpl done
Event: 9.115 loading class org/hibernate/jpa/boot/internal/EntityManagerFactoryBuilderImpl
Event: 9.115 loading class org/hibernate/jpa/boot/internal/EntityManagerFactoryBuilderImpl done
Event: 9.115 loading class org/hibernate/jpa/boot/internal/EntityManagerFactoryBuilderImpl
Event: 9.115 loading class org/hibernate/jpa/boot/internal/EntityManagerFactoryBuilderImpl done
Event: 9.115 loading class org/hibernate/jpa/boot/internal/EntityManagerFactoryBuilderImpl
Event: 9.115 loading class org/hibernate/jpa/boot/internal/EntityManagerFactoryBuilderImpl done
Event: 9.115 Executing VM operation: CollectForMetadataAllocation


Dynamic libraries:
0x00007ff6f4c00000 - 0x00007ff6f4c37000 	C:\Program Files\Java\jdk1.8.0_202\bin\javaw.exe
0x00007ffa1e390000 - 0x00007ffa1e588000 	C:\WINDOWS\SYSTEM32\ntdll.dll
0x00007ffa1d7a0000 - 0x00007ffa1d85f000 	C:\WINDOWS\System32\KERNEL32.DLL
0x00007ffa1bb70000 - 0x00007ffa1be66000 	C:\WINDOWS\System32\KERNELBASE.dll
0x00007ffa1c520000 - 0x00007ffa1c5cf000 	C:\WINDOWS\System32\ADVAPI32.dll
0x00007ffa1c960000 - 0x00007ffa1c9fe000 	C:\WINDOWS\System32\msvcrt.dll
0x00007ffa1dcd0000 - 0x00007ffa1dd6c000 	C:\WINDOWS\System32\sechost.dll
0x00007ffa1ca70000 - 0x00007ffa1cb96000 	C:\WINDOWS\System32\RPCRT4.dll
0x00007ffa1c660000 - 0x00007ffa1c7fd000 	C:\WINDOWS\System32\USER32.dll
0x00007ffa1c2a0000 - 0x00007ffa1c2c2000 	C:\WINDOWS\System32\win32u.dll
0x00007ffa1e170000 - 0x00007ffa1e19c000 	C:\WINDOWS\System32\GDI32.dll
0x00007ffa1c2d0000 - 0x00007ffa1c3e5000 	C:\WINDOWS\System32\gdi32full.dll
0x00007ffa1bec0000 - 0x00007ffa1bf5d000 	C:\WINDOWS\System32\msvcp_win.dll
0x00007ffa1ba70000 - 0x00007ffa1bb70000 	C:\WINDOWS\System32\ucrtbase.dll
0x00007ffa03660000 - 0x00007ffa038fa000 	C:\WINDOWS\WinSxS\amd64_microsoft.windows.common-controls_6595b64144ccf1df_6.0.19041.1110_none_60b5254171f9507e\COMCTL32.dll
0x00007ffa1c800000 - 0x00007ffa1c830000 	C:\WINDOWS\System32\IMM32.DLL
0x000000006ad50000 - 0x000000006ae22000 	C:\Program Files\Java\jdk1.8.0_202\jre\bin\msvcr100.dll
0x0000000069fb0000 - 0x000000006a855000 	C:\Program Files\Java\jdk1.8.0_202\jre\bin\server\jvm.dll
0x00007ffa1e0b0000 - 0x00007ffa1e0b8000 	C:\WINDOWS\System32\PSAPI.DLL
0x00007ffa04d40000 - 0x00007ffa04d49000 	C:\WINDOWS\SYSTEM32\WSOCK32.dll
0x00007ffa15c20000 - 0x00007ffa15c2a000 	C:\WINDOWS\SYSTEM32\VERSION.dll
0x00007ffa05e30000 - 0x00007ffa05e57000 	C:\WINDOWS\SYSTEM32\WINMM.dll
0x00007ffa1c890000 - 0x00007ffa1c8fb000 	C:\WINDOWS\System32\WS2_32.dll
0x00007ffa16340000 - 0x00007ffa1634f000 	C:\Program Files\Java\jdk1.8.0_202\jre\bin\verify.dll
0x00007ffa12eb0000 - 0x00007ffa12ed9000 	C:\Program Files\Java\jdk1.8.0_202\jre\bin\java.dll
0x00007ffa14f20000 - 0x00007ffa14f36000 	C:\Program Files\Java\jdk1.8.0_202\jre\bin\zip.dll
0x00007ffa1cba0000 - 0x00007ffa1d2e4000 	C:\WINDOWS\System32\SHELL32.dll
0x00007ffa19b10000 - 0x00007ffa1a2a3000 	C:\WINDOWS\SYSTEM32\windows.storage.dll
0x00007ffa1d2f0000 - 0x00007ffa1d644000 	C:\WINDOWS\System32\combase.dll
0x00007ffa1b3e0000 - 0x00007ffa1b40e000 	C:\WINDOWS\SYSTEM32\Wldp.dll
0x00007ffa1e1a0000 - 0x00007ffa1e24d000 	C:\WINDOWS\System32\SHCORE.dll
0x00007ffa1c900000 - 0x00007ffa1c955000 	C:\WINDOWS\System32\shlwapi.dll
0x00007ffa1b9a0000 - 0x00007ffa1b9c5000 	C:\WINDOWS\SYSTEM32\profapi.dll
0x00007ffa11260000 - 0x00007ffa1127a000 	C:\Program Files\Java\jdk1.8.0_202\jre\bin\net.dll
0x00007ffa0c180000 - 0x00007ffa0c36d000 	C:\WINDOWS\SYSTEM32\urlmon.dll
0x00007ffa0de60000 - 0x00007ffa0e11c000 	C:\WINDOWS\SYSTEM32\iertutil.dll
0x00007ffa0c150000 - 0x00007ffa0c179000 	C:\WINDOWS\SYSTEM32\srvcli.dll
0x00007ffa1af40000 - 0x00007ffa1af4c000 	C:\WINDOWS\SYSTEM32\netutils.dll
0x00007ffa1b140000 - 0x00007ffa1b1aa000 	C:\WINDOWS\system32\mswsock.dll
0x00007ffa111d0000 - 0x00007ffa111e2000 	C:\Program Files\Java\jdk1.8.0_202\jre\bin\nio.dll
0x00007ffa16330000 - 0x00007ffa1633d000 	C:\Program Files\Java\jdk1.8.0_202\jre\bin\management.dll
0x00007ff9ffc00000 - 0x00007ff9ffc17000 	C:\WINDOWS\system32\napinsp.dll
0x00007ff9ffbe0000 - 0x00007ff9ffbfb000 	C:\WINDOWS\system32\pnrpnsp.dll
0x00007ffa15b80000 - 0x00007ffa15b95000 	C:\WINDOWS\system32\wshbth.dll
0x00007ffa14ee0000 - 0x00007ffa14efd000 	C:\WINDOWS\system32\NLAapi.dll
0x00007ffa1ae30000 - 0x00007ffa1ae6b000 	C:\WINDOWS\SYSTEM32\IPHLPAPI.DLL
0x00007ffa1ae70000 - 0x00007ffa1af3a000 	C:\WINDOWS\SYSTEM32\DNSAPI.dll
0x00007ffa1ca60000 - 0x00007ffa1ca68000 	C:\WINDOWS\System32\NSI.dll
0x00007ff9ffac0000 - 0x00007ff9ffad2000 	C:\WINDOWS\System32\winrnr.dll
0x00007ffa13a30000 - 0x00007ffa13a3a000 	C:\Windows\System32\rasadhlp.dll
0x00007ffa0ff90000 - 0x00007ffa10012000 	C:\WINDOWS\System32\fwpuclnt.dll
0x00007ffa1c1c0000 - 0x00007ffa1c1e7000 	C:\WINDOWS\System32\bcrypt.dll
0x00007ffa111a0000 - 0x00007ffa111c4000 	C:\Program Files\Java\jdk1.8.0_202\jre\bin\sunec.dll
0x00007ffa12bc0000 - 0x00007ffa12bd7000 	C:\WINDOWS\SYSTEM32\dhcpcsvc6.DLL
0x00007ffa13d00000 - 0x00007ffa13d1d000 	C:\WINDOWS\SYSTEM32\dhcpcsvc.DLL
0x00007ffa1b330000 - 0x00007ffa1b348000 	C:\WINDOWS\SYSTEM32\CRYPTSP.dll
0x00007ffa1aa50000 - 0x00007ffa1aa84000 	C:\WINDOWS\system32\rsaenh.dll
0x00007ffa1b920000 - 0x00007ffa1b94e000 	C:\WINDOWS\SYSTEM32\USERENV.dll
0x00007ffa1bf60000 - 0x00007ffa1bfe2000 	C:\WINDOWS\System32\bcryptprimitives.dll
0x00007ffa1b350000 - 0x00007ffa1b35c000 	C:\WINDOWS\SYSTEM32\CRYPTBASE.dll
0x00007ffa144a0000 - 0x00007ffa144ab000 	C:\Program Files\Java\jdk1.8.0_202\jre\bin\sunmscapi.dll
0x00007ffa1c060000 - 0x00007ffa1c1be000 	C:\WINDOWS\System32\CRYPT32.dll

VM Arguments:
jvm_args: -ea -Dfile.encoding=UTF-8 
java_command: org.eclipse.jdt.internal.junit.runner.RemoteTestRunner -version 3 -port 60326 -testLoaderClass org.eclipse.jdt.internal.junit5.runner.JUnit5TestLoader -loaderpluginname org.eclipse.jdt.junit5.runtime -test com.demo.CruddemoApplicationTests:findStudentById
java_class_path (initial): E:\sts6th-june-code\cruddemo\target\test-classes;E:\sts6th-june-code\cruddemo\target\classes;C:\Users\Lenovo\.m2\repository\org\springframework\boot\spring-boot-starter-data-jpa\2.7.15\spring-boot-starter-data-jpa-2.7.15.jar;C:\Users\Lenovo\.m2\repository\org\springframework\boot\spring-boot-starter-aop\2.7.15\spring-boot-starter-aop-2.7.15.jar;C:\Users\Lenovo\.m2\repository\org\springframework\spring-aop\5.3.29\spring-aop-5.3.29.jar;C:\Users\Lenovo\.m2\repository\org\aspectj\aspectjweaver\1.9.7\aspectjweaver-1.9.7.jar;C:\Users\Lenovo\.m2\repository\org\springframework\boot\spring-boot-starter-jdbc\2.7.15\spring-boot-starter-jdbc-2.7.15.jar;C:\Users\Lenovo\.m2\repository\com\zaxxer\HikariCP\4.0.3\HikariCP-4.0.3.jar;C:\Users\Lenovo\.m2\repository\org\springframework\spring-jdbc\5.3.29\spring-jdbc-5.3.29.jar;C:\Users\Lenovo\.m2\repository\jakarta\transaction\jakarta.transaction-api\1.3.3\jakarta.transaction-api-1.3.3.jar;C:\Users\Lenovo\.m2\repository\jakarta\persistence\jakarta.persistence-api\2.2.3\jakarta.persistence-api-2.2.3.jar;C:\Users\Lenovo\.m2\repository\org\hibernate\hibernate-core\5.6.15.Final\hibernate-core-5.6.15.Final.jar;C:\Users\Lenovo\.m2\repository\org\jboss\logging\jboss-logging\3.4.3.Final\jboss-logging-3.4.3.Final.jar;C:\Users\Lenovo\.m2\repository\net\bytebuddy\byte-buddy\1.12.23\byte-buddy-1.12.23.jar;C:\Users\Lenovo\.m2\repository\antlr\antlr\2.7.7\antlr-2.7.7.jar;C:\Users\Lenovo\.m2\repository\org\jboss\jandex\2.4.2.Final\jandex-2.4.2.Final.jar;C:\Users\Lenovo\.m2\repository\com\fasterxml\classmate\1.5.1\classmate-1.5.1.jar;C:\Users\Lenovo\.m2\repository\org\hibernate\common\hibernate-commons-annotations\5.1.2.Final\hibernate-commons-annotations-5.1.2.Final.jar;C:\Users\Lenovo\.m2\repository\org\glassfish\jaxb\jaxb-runtime\2.3.8\jaxb-runtime-2.3.8.jar;C:\Users\Lenovo\.m2\repository\org\glassfish\jaxb\txw2\2.3.8\txw2-2.3.8.jar;C:\Users\Lenovo\.m2\repository\com\sun\istack\istack-commons-runtime\3.0.12\istack-common
Launcher Type: SUN_STANDARD

Environment Variables:
PATH=C:/Users/Lenovo/OneDrive/Desktop/sts-june-6th/sts-4.8.1.RELEASE//plugins/org.eclipse.justj.openjdk.hotspot.jre.full.win32.x86_64_15.0.0.v20201014-1246/jre/bin/server;C:/Users/Lenovo/OneDrive/Desktop/sts-june-6th/sts-4.8.1.RELEASE//plugins/org.eclipse.justj.openjdk.hotspot.jre.full.win32.x86_64_15.0.0.v20201014-1246/jre/bin;C:\Program Files (x86)\Common Files\Oracle\Java\javapath;C:\WINDOWS\system32;C:\WINDOWS;C:\WINDOWS\System32\Wbem;C:\WINDOWS\System32\WindowsPowerShell\v1.0\;C:\WINDOWS\System32\OpenSSH\;C:\Program Files\MySQL\MySQL Shell 8.0\bin\;C:\Users\Lenovo\AppData\Local\Microsoft\WindowsApps;C:\Users\Lenovo\AppData\Local\GitHubDesktop\bin;C:\Users\Lenovo\AppData\Local\Programs\Microsoft VS Code\bin;C:\Users\Lenovo\OneDrive\Desktop\sts-june-6th\sts-4.8.1.RELEASE;
USERNAME=Lenovo
OS=Windows_NT
PROCESSOR_IDENTIFIER=Intel64 Family 6 Model 142 Stepping 10, GenuineIntel



---------------  S Y S T E M  ---------------

OS: Windows 10.0 , 64 bit Build 19041 (10.0.19041.3155)

CPU:total 4 (initial active 4) (2 cores per cpu, 2 threads per core) family 6 model 142 stepping 10, cmov, cx8, fxsr, mmx, sse, sse2, sse3, ssse3, sse4.1, sse4.2, popcnt, avx, avx2, aes, clmul, erms, 3dnowpref, lzcnt, ht, tsc, tscinvbit, bmi1, bmi2, adx

Memory: 4k page, physical 4101348k(482588k free), swap 6198500k(5524k free)

vm_info: Java HotSpot(TM) 64-Bit Server VM (25.202-b08) for windows-amd64 JRE (1.8.0_202-b08), built on Dec 15 2018 19:54:30 by "java_re" with MS VC++ 10.0 (VS2010)

time: Thu Sep 14 15:24:14 2023
timezone: India Standard Time
elapsed time: 9 seconds (0d 0h 0m 9s)

